[INFO  - 2019-01-10T03:17:51.156Z] GhostDriver - Main - running on port 60817
[INFO  - 2019-01-10T03:17:51.672Z] Session [50496030-1486-11e9-b0b7-fff065b82f95] - page.settings - {"XSSAuditingEnabled":false,"javascriptCanCloseWindows":true,"javascriptCanOpenWindows":true,"javascriptEnabled":true,"loadImages":true,"localToRemoteUrlAccessEnabled":false,"userAgent":"Mozilla/5.0 (Windows NT 6.1; WOW64) AppleWebKit/538.1 (KHTML, like Gecko) PhantomJS/2.1.1 Safari/538.1","webSecurityEnabled":true}
[INFO  - 2019-01-10T03:17:51.672Z] Session [50496030-1486-11e9-b0b7-fff065b82f95] - page.customHeaders:  - {}
[INFO  - 2019-01-10T03:17:51.672Z] Session [50496030-1486-11e9-b0b7-fff065b82f95] - Session.negotiatedCapabilities - {"browserName":"phantomjs","version":"2.1.1","driverName":"ghostdriver","driverVersion":"1.2.0","platform":"windows-7-32bit","javascriptEnabled":true,"takesScreenshot":true,"handlesAlerts":false,"databaseEnabled":false,"locationContextEnabled":false,"applicationCacheEnabled":false,"browserConnectionEnabled":false,"cssSelectorsEnabled":true,"webStorageEnabled":false,"rotatable":false,"acceptSslCerts":false,"nativeEvents":true,"proxy":{"proxyType":"direct"}}
[INFO  - 2019-01-10T03:17:51.672Z] SessionManagerReqHand - _postNewSessionCommand - New Session Created: 50496030-1486-11e9-b0b7-fff065b82f95
[ERROR - 2019-01-10T03:17:52.304Z] Session [50496030-1486-11e9-b0b7-fff065b82f95] - page.onError - msg: TypeError: null is not an object (evaluating 'da_ua.match(/Version\/([0-9\.]+)/i)[1]')

  phantomjs://platform/console++.js:263 in error
[ERROR - 2019-01-10T03:17:52.305Z] Session [50496030-1486-11e9-b0b7-fff065b82f95] - page.onError - stack:
  searchBrowserVersion (https://ssl.pstatic.net/tveta/libs/assets/js/pc/main/min/pc.veta.core.min.js?20170421:1)
  init (https://ssl.pstatic.net/tveta/libs/assets/js/pc/main/min/pc.veta.core.min.js?20170421:1)

  phantomjs://platform/console++.js:263 in error
[ERROR - 2019-01-10T03:17:52.312Z] Session [50496030-1486-11e9-b0b7-fff065b82f95] - page.onError - msg: TypeError: null is not an object (evaluating 'da_ua.match(/Version\/([0-9\.]+)/i)[1]')

  phantomjs://platform/console++.js:263 in error
[ERROR - 2019-01-10T03:17:52.312Z] Session [50496030-1486-11e9-b0b7-fff065b82f95] - page.onError - stack:
  searchBrowserVersion (https://ssl.pstatic.net/tveta/libs/assets/js/pc/main/min/pc.veta.core.min.js?20170222:1)
  init (https://ssl.pstatic.net/tveta/libs/assets/js/pc/main/min/pc.veta.core.min.js?20170222:1)

  phantomjs://platform/console++.js:263 in error
[ERROR - 2019-01-10T03:17:52.314Z] Session [50496030-1486-11e9-b0b7-fff065b82f95] - page.onError - msg: TypeError: null is not an object (evaluating 'da_ua.match(/Version\/([0-9\.]+)/i)[1]')

  phantomjs://platform/console++.js:263 in error
[ERROR - 2019-01-10T03:17:52.314Z] Session [50496030-1486-11e9-b0b7-fff065b82f95] - page.onError - stack:
  searchBrowserVersion (https://ssl.pstatic.net/tveta/libs/assets/js/pc/main/min/pc.veta.core.min.js?20170707:1)
  init (https://ssl.pstatic.net/tveta/libs/assets/js/pc/main/min/pc.veta.core.min.js?20170707:1)

  phantomjs://platform/console++.js:263 in error
[ERROR - 2019-01-10T03:17:52.314Z] Session [50496030-1486-11e9-b0b7-fff065b82f95] - page.onError - msg: TypeError: undefined is not a constructor (evaluating 'naver_corp_da.loadScript')

  phantomjs://platform/console++.js:263 in error
[ERROR - 2019-01-10T03:17:52.314Z] Session [50496030-1486-11e9-b0b7-fff065b82f95] - page.onError - stack:
  loadScripts (https://nv.veta.naver.com/fxshow?su=SU10078&nrefreshx=0:75)
  lazyLoading (https://nv.veta.naver.com/fxshow?su=SU10078&nrefreshx=0:55)
  onload (https://nv.veta.naver.com/fxshow?su=SU10078&nrefreshx=0:20)

  phantomjs://platform/console++.js:263 in error
[ERROR - 2019-01-10T03:17:52.421Z] Session [50496030-1486-11e9-b0b7-fff065b82f95] - page.onError - msg: TypeError: undefined is not a constructor (evaluating 'new Nimp')

  phantomjs://platform/console++.js:263 in error
[ERROR - 2019-01-10T03:17:52.421Z] Session [50496030-1486-11e9-b0b7-fff065b82f95] - page.onError - stack:
  initAd (https://nv.veta.naver.com/fxshow?su=SU10079&nrefreshx=0:24)
  onload (https://nv.veta.naver.com/fxshow?su=SU10079&nrefreshx=0:9)

  phantomjs://platform/console++.js:263 in error
[ERROR - 2019-01-10T03:17:52.937Z] Session [50496030-1486-11e9-b0b7-fff065b82f95] - page.onError - msg: TypeError: null is not an object (evaluating 'da_ua.match(/Version\/([0-9\.]+)/i)[1]')

  phantomjs://platform/console++.js:263 in error
[ERROR - 2019-01-10T03:17:52.937Z] Session [50496030-1486-11e9-b0b7-fff065b82f95] - page.onError - stack:
  searchBrowserVersion (https://ssl.pstatic.net/tveta/libs/assets/js/pc/main/min/pc.veta.core.min.js?20180330:1)
  init (https://ssl.pstatic.net/tveta/libs/assets/js/pc/main/min/pc.veta.core.min.js?20180330:1)

  phantomjs://platform/console++.js:263 in error
[ERROR - 2019-01-10T03:17:53.008Z] Session [50496030-1486-11e9-b0b7-fff065b82f95] - page.onError - msg: TypeError: undefined is not a constructor (evaluating 'new NBP_CORP.Nimp()')

  phantomjs://platform/console++.js:263 in error
[ERROR - 2019-01-10T03:17:53.008Z] Session [50496030-1486-11e9-b0b7-fff065b82f95] - page.onError - stack:
  (anonymous function) (undefined:15)

  phantomjs://platform/console++.js:263 in error
